GROUP,PACKAGE,CLASS,INSTRUCTION_MISSED,INSTRUCTION_COVERED,BRANCH_MISSED,BRANCH_COVERED,LINE_MISSED,LINE_COVERED,COMPLEXITY_MISSED,COMPLEXITY_COVERED,METHOD_MISSED,METHOD_COVERED
java-tools-test,com.namics.oss.java.tools.utils.test,ThrownMatcher,0,49,0,0,0,12,0,4,0,4
java-tools-test,com.namics.oss.java.tools.utils.test,StringLengthMatcher,1,34,1,1,0,8,1,5,0,5
java-tools-test,com.namics.oss.java.tools.utils.test,PropertyMatcher,132,131,11,5,14,28,8,8,1,7
java-tools-test,com.namics.oss.java.tools.utils.test,TimeoutHelper,22,8,0,0,3,4,1,2,1,2
java-tools-test,com.namics.oss.java.tools.utils.test,RegexMatcher,0,42,0,0,0,10,0,6,0,6
