GROUP,PACKAGE,CLASS,INSTRUCTION_MISSED,INSTRUCTION_COVERED,BRANCH_MISSED,BRANCH_COVERED,LINE_MISSED,LINE_COVERED,COMPLEXITY_MISSED,COMPLEXITY_COVERED,METHOD_MISSED,METHOD_COVERED
java-tools-test,com.namics.oss.java.tools.utils.test,ThrownMatcher,49,0,0,0,12,0,4,0,4,0
java-tools-test,com.namics.oss.java.tools.utils.test,StringLengthMatcher,35,0,2,0,8,0,6,0,5,0
java-tools-test,com.namics.oss.java.tools.utils.test,PropertyMatcher,263,0,16,0,42,0,16,0,8,0
java-tools-test,com.namics.oss.java.tools.utils.test,TimeoutHelper,30,0,0,0,7,0,3,0,3,0
java-tools-test,com.namics.oss.java.tools.utils.test,RegexMatcher,42,0,0,0,10,0,6,0,6,0
